2019-12-24 10:14:06,125 INFO o.a.j.u.JMeterUtils: Setting Locale to zh_CN
2019-12-24 10:14:06,209 INFO o.a.j.JMeter: Loading user properties from: /Library/apache-jmeter-5.1.1/bin/user.properties
2019-12-24 10:14:06,210 INFO o.a.j.JMeter: Loading system properties from: /Library/apache-jmeter-5.1.1/bin/system.properties
2019-12-24 10:14:06,231 INFO o.a.j.JMeter: Copyright (c) 1998-2019 The Apache Software Foundation
2019-12-24 10:14:06,231 INFO o.a.j.JMeter: Version 5.1.1 r1855137
2019-12-24 10:14:06,231 INFO o.a.j.JMeter: java.version=1.8.0_202
2019-12-24 10:14:06,231 INFO o.a.j.JMeter: java.vm.name=Java HotSpot(TM) 64-Bit Server VM
2019-12-24 10:14:06,232 INFO o.a.j.JMeter: os.name=Mac OS X
2019-12-24 10:14:06,232 INFO o.a.j.JMeter: os.arch=x86_64
2019-12-24 10:14:06,232 INFO o.a.j.JMeter: os.version=10.14.3
2019-12-24 10:14:06,232 INFO o.a.j.JMeter: file.encoding=UTF-8
2019-12-24 10:14:06,232 INFO o.a.j.JMeter: java.awt.headless=null
2019-12-24 10:14:06,232 INFO o.a.j.JMeter: Max memory     =1073741824
2019-12-24 10:14:06,232 INFO o.a.j.JMeter: Available Processors =8
2019-12-24 10:14:06,255 INFO o.a.j.JMeter: Default Locale=English (EN)
2019-12-24 10:14:06,256 INFO o.a.j.JMeter: JMeter  Locale=Chinese (China)
2019-12-24 10:14:06,256 INFO o.a.j.JMeter: JMeterHome=/Library/apache-jmeter-5.1.1
2019-12-24 10:14:06,256 INFO o.a.j.JMeter: user.dir  =/learn/guest
2019-12-24 10:14:06,257 INFO o.a.j.JMeter: PWD       =/learn/guest
2019-12-24 10:14:06,261 INFO o.a.j.JMeter: IP: 10.37.129.2 Name: XJZM-2.local FullName: 10.37.129.2
2019-12-24 10:14:08,991 INFO o.a.j.g.a.LookAndFeelCommand: Installing Darcula LAF
2019-12-24 10:14:09,052 INFO o.a.j.g.a.LookAndFeelCommand: Using look and feel: com.bulenkov.darcula.DarculaLaf [Darcula]
2019-12-24 10:14:09,052 INFO o.a.j.JMeter: Setting LAF to: com.bulenkov.darcula.DarculaLaf
2019-12-24 10:14:09,297 INFO o.a.j.JMeter: Loaded icon properties from org/apache/jmeter/images/icon.properties
2019-12-24 10:14:10,893 INFO o.j.r.JARSourceHTTP: Requesting https://jmeter-plugins.org/repo/?installID=mac_os_x-eda9feda87c92655a81774b51f2b2abd-gui
2019-12-24 10:14:13,050 INFO o.a.j.p.h.s.HTTPSamplerBase: Parser for text/html is org.apache.jmeter.protocol.http.parser.LagartoBasedHtmlParser
2019-12-24 10:14:13,052 INFO o.a.j.p.h.s.HTTPSamplerBase: Parser for application/xhtml+xml is org.apache.jmeter.protocol.http.parser.LagartoBasedHtmlParser
2019-12-24 10:14:13,052 INFO o.a.j.p.h.s.HTTPSamplerBase: Parser for application/xml is org.apache.jmeter.protocol.http.parser.LagartoBasedHtmlParser
2019-12-24 10:14:13,053 INFO o.a.j.p.h.s.HTTPSamplerBase: Parser for text/xml is org.apache.jmeter.protocol.http.parser.LagartoBasedHtmlParser
2019-12-24 10:14:13,053 INFO o.a.j.p.h.s.HTTPSamplerBase: Parser for text/vnd.wap.wml is org.apache.jmeter.protocol.http.parser.RegexpHTMLParser
2019-12-24 10:14:13,053 INFO o.a.j.p.h.s.HTTPSamplerBase: Parser for text/css is org.apache.jmeter.protocol.http.parser.CssParser
2019-12-24 10:14:13,591 INFO o.a.j.e.KeyToolUtils: keytool found at 'keytool'
2019-12-24 10:14:13,591 INFO o.a.j.p.h.p.ProxyControl: HTTP(S) Test Script Recorder SSL Proxy will use keys that support embedded 3rd party resources in file /Library/apache-jmeter-5.1.1/bin/proxyserver.jks
2019-12-24 10:14:13,812 INFO o.a.j.s.FileServer: Default base='/learn/guest'
2019-12-24 10:14:13,994 INFO o.j.r.PluginManager: Plugins Status: [jpgc-dummy=0.4, jpgc-json=2.7, jpgc-plugins-manager=1.3, jmeter-core=5.1.1, jmeter-ftp=5.1.1, jmeter-http=5.1.1, jmeter-jdbc=5.1.1, jmeter-jms=5.1.1, jmeter-junit=5.1.1, jmeter-java=5.1.1, jmeter-ldap=5.1.1, jmeter-mail=5.1.1, jmeter-mongodb=5.1.1, jmeter-native=5.1.1, jmeter-tcp=5.1.1, jmeter-components=5.1.1]
2019-12-24 10:14:14,278 INFO o.a.j.s.SampleResult: Note: Sample TimeStamps are START times
2019-12-24 10:14:14,278 INFO o.a.j.s.SampleResult: sampleresult.default.encoding is set to ISO-8859-1
2019-12-24 10:14:14,278 INFO o.a.j.s.SampleResult: sampleresult.useNanoTime=true
2019-12-24 10:14:14,279 INFO o.a.j.s.SampleResult: sampleresult.nanoThreadSleep=5000
2019-12-24 10:14:34,387 INFO o.a.j.g.a.Load: Loading file: /learn/guest/查询嘉宾信息.jmx
2019-12-24 10:14:34,387 INFO o.a.j.s.FileServer: Set new base='/learn/guest'
2019-12-24 10:14:34,792 INFO o.a.j.s.SaveService: Testplan (JMX) version: 2.2. Testlog (JTL) version: 2.2
2019-12-24 10:14:34,797 INFO o.a.j.s.SaveService: Using SaveService properties file encoding UTF-8
2019-12-24 10:14:34,799 INFO o.a.j.s.SaveService: Using SaveService properties version 5.0
2019-12-24 10:14:34,802 INFO o.a.j.s.SaveService: Loading file: /learn/guest/查询嘉宾信息.jmx
2019-12-24 10:14:35,267 INFO o.a.j.s.FileServer: Set new base='/learn/guest'
2019-12-24 10:15:36,946 INFO o.a.j.e.StandardJMeterEngine: Running the test!
2019-12-24 10:15:36,952 INFO o.a.j.s.SampleEvent: List of sample_variables: []
2019-12-24 10:15:36,952 INFO o.a.j.s.SampleEvent: List of sample_variables: []
2019-12-24 10:15:36,954 INFO o.a.j.e.u.CompoundVariable: Note: Function class names must contain the string: '.functions.'
2019-12-24 10:15:36,954 INFO o.a.j.e.u.CompoundVariable: Note: Function class names must not contain the string: '.gui.'
2019-12-24 10:15:37,596 INFO o.a.j.g.u.JMeterMenuBar: setRunning(true, *local*)
2019-12-24 10:15:37,770 INFO o.a.j.e.StandardJMeterEngine: Starting ThreadGroup: 1 : 线程组
2019-12-24 10:15:37,771 INFO o.a.j.e.StandardJMeterEngine: Starting 1 threads for group 线程组.
2019-12-24 10:15:37,771 INFO o.a.j.e.StandardJMeterEngine: Thread will continue on error
2019-12-24 10:15:37,771 INFO o.a.j.t.ThreadGroup: Starting thread group... number=1 threads=1 ramp-up=1 delayedStart=false
2019-12-24 10:15:37,775 INFO o.a.j.t.ThreadGroup: Started thread group number 1
2019-12-24 10:15:37,776 INFO o.a.j.e.StandardJMeterEngine: All thread groups have been started
2019-12-24 10:15:37,779 INFO o.a.j.t.JMeterThread: Thread started: 线程组 1-1
2019-12-24 10:15:37,795 INFO o.a.j.p.h.s.HTTPHCAbstractImpl: Local host = XJZM-2.local
2019-12-24 10:15:37,807 INFO o.a.j.p.h.s.HTTPHC4Impl: HTTP request retry count = 0
2019-12-24 10:15:37,979 INFO o.a.j.t.JMeterThread: Thread is done: 线程组 1-1
2019-12-24 10:15:37,979 INFO o.a.j.t.JMeterThread: Thread finished: 线程组 1-1
2019-12-24 10:15:37,982 INFO o.a.j.e.StandardJMeterEngine: Notifying test listeners of end of test
2019-12-24 10:15:37,982 INFO o.a.j.g.u.JMeterMenuBar: setRunning(false, *local*)
2019-12-24 10:20:00,455 INFO o.a.j.e.StandardJMeterEngine: Running the test!
2019-12-24 10:20:00,458 INFO o.a.j.s.SampleEvent: List of sample_variables: []
2019-12-24 10:20:00,460 INFO o.a.j.g.u.JMeterMenuBar: setRunning(true, *local*)
2019-12-24 10:20:00,583 INFO o.a.j.e.StandardJMeterEngine: Starting ThreadGroup: 1 : 线程组
2019-12-24 10:20:00,584 INFO o.a.j.e.StandardJMeterEngine: Starting 1 threads for group 线程组.
2019-12-24 10:20:00,584 INFO o.a.j.e.StandardJMeterEngine: Thread will continue on error
2019-12-24 10:20:00,585 INFO o.a.j.t.ThreadGroup: Starting thread group... number=1 threads=1 ramp-up=1 delayedStart=false
2019-12-24 10:20:00,586 INFO o.a.j.t.ThreadGroup: Started thread group number 1
2019-12-24 10:20:00,587 INFO o.a.j.e.StandardJMeterEngine: All thread groups have been started
2019-12-24 10:20:00,587 INFO o.a.j.t.JMeterThread: Thread started: 线程组 1-1
2019-12-24 10:20:00,661 INFO o.a.j.t.JMeterThread: Thread is done: 线程组 1-1
2019-12-24 10:20:00,661 INFO o.a.j.t.JMeterThread: Thread finished: 线程组 1-1
2019-12-24 10:20:00,661 INFO o.a.j.e.StandardJMeterEngine: Notifying test listeners of end of test
2019-12-24 10:20:00,661 INFO o.a.j.g.u.JMeterMenuBar: setRunning(false, *local*)
2019-12-24 10:20:36,522 INFO o.a.j.e.StandardJMeterEngine: Running the test!
2019-12-24 10:20:36,522 INFO o.a.j.s.SampleEvent: List of sample_variables: []
2019-12-24 10:20:36,525 INFO o.a.j.g.u.JMeterMenuBar: setRunning(true, *local*)
2019-12-24 10:20:36,638 INFO o.a.j.e.StandardJMeterEngine: Starting ThreadGroup: 1 : 线程组
2019-12-24 10:20:36,638 INFO o.a.j.e.StandardJMeterEngine: Starting 1 threads for group 线程组.
2019-12-24 10:20:36,638 INFO o.a.j.e.StandardJMeterEngine: Thread will continue on error
2019-12-24 10:20:36,638 INFO o.a.j.t.ThreadGroup: Starting thread group... number=1 threads=1 ramp-up=1 delayedStart=false
2019-12-24 10:20:36,639 INFO o.a.j.t.ThreadGroup: Started thread group number 1
2019-12-24 10:20:36,639 INFO o.a.j.e.StandardJMeterEngine: All thread groups have been started
2019-12-24 10:20:36,640 INFO o.a.j.t.JMeterThread: Thread started: 线程组 1-1
2019-12-24 10:20:36,678 INFO o.a.j.t.JMeterThread: Thread is done: 线程组 1-1
2019-12-24 10:20:36,678 INFO o.a.j.t.JMeterThread: Thread finished: 线程组 1-1
2019-12-24 10:20:36,679 INFO o.a.j.e.StandardJMeterEngine: Notifying test listeners of end of test
2019-12-24 10:20:36,679 INFO o.a.j.g.u.JMeterMenuBar: setRunning(false, *local*)
